{"C:\\Users\\oseje\\CS496\\CS495-Software-Project-Proposal-Population-Model-Calculator\\backend\\db.js": {"path":"C:\\Users\\oseje\\CS496\\CS495-Software-Project-Proposal-Population-Model-Calculator\\backend\\db.js","statementMap":{"0":{"start":{"line":5,"column":0},"end":{"line":5,"column":16}},"1":{"start":{"line":6,"column":19},"end":{"line":6,"column":22}},"2":{"start":{"line":9,"column":15},"end":{"line":15,"column":2}},"3":{"start":{"line":18,"column":4},"end":{"line":23,"column":5}},"4":{"start":{"line":19,"column":8},"end":{"line":19,"column":31}},"5":{"start":{"line":20,"column":8},"end":{"line":20,"column":61}},"6":{"start":{"line":22,"column":8},"end":{"line":22,"column":53}}},"fnMap":{"0":{"name":"connectDB","decl":{"start":{"line":17,"column":15},"end":{"line":17,"column":24}},"loc":{"start":{"line":17,"column":27},"end":{"line":24,"column":1}},"line":17}},"branchMap":{},"s":{"0":1,"1":1,"2":1,"3":1,"4":1,"5":1,"6":0},"f":{"0":1},"b":{},"_coverageSchema":"1a1c01bbd47fc00a2c39e90264f33305004495a9","hash":"6b83ca663b09f810fe6c7ec24cb3cd37c7dbf478"}
,"C:\\Users\\oseje\\CS496\\CS495-Software-Project-Proposal-Population-Model-Calculator\\backend\\src\\controllers\\LoginController.js": {"path":"C:\\Users\\oseje\\CS496\\CS495-Software-Project-Proposal-Population-Model-Calculator\\backend\\src\\controllers\\LoginController.js","statementMap":{"0":{"start":{"line":8,"column":32},"end":{"line":8,"column":40}},"1":{"start":{"line":9,"column":4},"end":{"line":37,"column":5}},"2":{"start":{"line":10,"column":8},"end":{"line":12,"column":9}},"3":{"start":{"line":11,"column":12},"end":{"line":11,"column":86}},"4":{"start":{"line":13,"column":27},"end":{"line":13,"column":94}},"5":{"start":{"line":14,"column":8},"end":{"line":16,"column":9}},"6":{"start":{"line":15,"column":12},"end":{"line":15,"column":80}},"7":{"start":{"line":17,"column":21},"end":{"line":17,"column":39}},"8":{"start":{"line":18,"column":30},"end":{"line":18,"column":75}},"9":{"start":{"line":19,"column":8},"end":{"line":21,"column":9}},"10":{"start":{"line":20,"column":12},"end":{"line":20,"column":80}},"11":{"start":{"line":24,"column":26},"end":{"line":31,"column":9}},"12":{"start":{"line":33,"column":8},"end":{"line":33,"column":69}},"13":{"start":{"line":35,"column":8},"end":{"line":35,"column":27}},"14":{"start":{"line":36,"column":8},"end":{"line":36,"column":65}},"15":{"start":{"line":42,"column":4},"end":{"line":42,"column":59}}},"fnMap":{"0":{"name":"loginUser","decl":{"start":{"line":7,"column":22},"end":{"line":7,"column":31}},"loc":{"start":{"line":7,"column":42},"end":{"line":38,"column":1}},"line":7},"1":{"name":"logoutUser","decl":{"start":{"line":40,"column":22},"end":{"line":40,"column":32}},"loc":{"start":{"line":40,"column":43},"end":{"line":43,"column":1}},"line":40}},"branchMap":{"0":{"loc":{"start":{"line":10,"column":8},"end":{"line":12,"column":9}},"type":"if","locations":[{"start":{"line":10,"column":8},"end":{"line":12,"column":9}},{"start":{},"end":{}}],"line":10},"1":{"loc":{"start":{"line":10,"column":12},"end":{"line":10,"column":31}},"type":"binary-expr","locations":[{"start":{"line":10,"column":12},"end":{"line":10,"column":18}},{"start":{"line":10,"column":22},"end":{"line":10,"column":31}}],"line":10},"2":{"loc":{"start":{"line":14,"column":8},"end":{"line":16,"column":9}},"type":"if","locations":[{"start":{"line":14,"column":8},"end":{"line":16,"column":9}},{"start":{},"end":{}}],"line":14},"3":{"loc":{"start":{"line":19,"column":8},"end":{"line":21,"column":9}},"type":"if","locations":[{"start":{"line":19,"column":8},"end":{"line":21,"column":9}},{"start":{},"end":{}}],"line":19}},"s":{"0":5,"1":5,"2":5,"3":1,"4":4,"5":3,"6":1,"7":2,"8":2,"9":2,"10":1,"11":1,"12":1,"13":1,"14":1,"15":1},"f":{"0":5,"1":1},"b":{"0":[1,4],"1":[5,4],"2":[1,2],"3":[1,1]},"_coverageSchema":"1a1c01bbd47fc00a2c39e90264f33305004495a9","hash":"06e811b38ecec347fe4564e52bde1b672ac4cf23"}
,"C:\\Users\\oseje\\CS496\\CS495-Software-Project-Proposal-Population-Model-Calculator\\backend\\src\\controllers\\modelController.js": {"path":"C:\\Users\\oseje\\CS496\\CS495-Software-Project-Proposal-Population-Model-Calculator\\backend\\src\\controllers\\modelController.js","statementMap":{"0":{"start":{"line":5,"column":27},"end":{"line":23,"column":1}},"1":{"start":{"line":7,"column":51},"end":{"line":7,"column":59}},"2":{"start":{"line":10,"column":20},"end":{"line":10,"column":31}},"3":{"start":{"line":13,"column":4},"end":{"line":22,"column":5}},"4":{"start":{"line":14,"column":23},"end":{"line":17,"column":9}},"5":{"start":{"line":18,"column":8},"end":{"line":18,"column":45}},"6":{"start":{"line":20,"column":8},"end":{"line":20,"column":54}},"7":{"start":{"line":21,"column":8},"end":{"line":21,"column":65}},"8":{"start":{"line":26,"column":25},"end":{"line":38,"column":1}},"9":{"start":{"line":27,"column":20},"end":{"line":27,"column":31}},"10":{"start":{"line":28,"column":4},"end":{"line":37,"column":5}},"11":{"start":{"line":29,"column":23},"end":{"line":32,"column":9}},"12":{"start":{"line":33,"column":8},"end":{"line":33,"column":42}},"13":{"start":{"line":35,"column":8},"end":{"line":35,"column":55}},"14":{"start":{"line":36,"column":8},"end":{"line":36,"column":65}},"15":{"start":{"line":41,"column":28},"end":{"line":57,"column":1}},"16":{"start":{"line":42,"column":20},"end":{"line":42,"column":31}},"17":{"start":{"line":43,"column":21},"end":{"line":43,"column":34}},"18":{"start":{"line":44,"column":4},"end":{"line":56,"column":5}},"19":{"start":{"line":45,"column":23},"end":{"line":48,"column":9}},"20":{"start":{"line":49,"column":8},"end":{"line":51,"column":9}},"21":{"start":{"line":50,"column":12},"end":{"line":50,"column":70}},"22":{"start":{"line":52,"column":8},"end":{"line":52,"column":45}},"23":{"start":{"line":54,"column":8},"end":{"line":54,"column":54}},"24":{"start":{"line":55,"column":8},"end":{"line":55,"column":65}},"25":{"start":{"line":60,"column":27},"end":{"line":77,"column":1}},"26":{"start":{"line":61,"column":20},"end":{"line":61,"column":31}},"27":{"start":{"line":62,"column":21},"end":{"line":62,"column":34}},"28":{"start":{"line":63,"column":51},"end":{"line":63,"column":59}},"29":{"start":{"line":64,"column":4},"end":{"line":76,"column":5}},"30":{"start":{"line":65,"column":23},"end":{"line":68,"column":9}},"31":{"start":{"line":69,"column":8},"end":{"line":71,"column":9}},"32":{"start":{"line":70,"column":12},"end":{"line":70,"column":88}},"33":{"start":{"line":72,"column":8},"end":{"line":72,"column":45}},"34":{"start":{"line":74,"column":8},"end":{"line":74,"column":54}},"35":{"start":{"line":75,"column":8},"end":{"line":75,"column":65}},"36":{"start":{"line":80,"column":27},"end":{"line":96,"column":1}},"37":{"start":{"line":81,"column":20},"end":{"line":81,"column":31}},"38":{"start":{"line":82,"column":21},"end":{"line":82,"column":34}},"39":{"start":{"line":83,"column":4},"end":{"line":95,"column":5}},"40":{"start":{"line":84,"column":23},"end":{"line":87,"column":9}},"41":{"start":{"line":88,"column":8},"end":{"line":90,"column":9}},"42":{"start":{"line":89,"column":12},"end":{"line":89,"column":88}},"43":{"start":{"line":91,"column":8},"end":{"line":91,"column":72}},"44":{"start":{"line":93,"column":8},"end":{"line":93,"column":54}},"45":{"start":{"line":94,"column":8},"end":{"line":94,"column":65}},"46":{"start":{"line":99,"column":38},"end":{"line":111,"column":1}},"47":{"start":{"line":100,"column":20},"end":{"line":100,"column":31}},"48":{"start":{"line":101,"column":4},"end":{"line":110,"column":5}},"49":{"start":{"line":102,"column":8},"end":{"line":105,"column":10}},"50":{"start":{"line":106,"column":8},"end":{"line":106,"column":77}},"51":{"start":{"line":108,"column":8},"end":{"line":108,"column":55}},"52":{"start":{"line":109,"column":8},"end":{"line":109,"column":65}}},"fnMap":{"0":{"name":"(anonymous_0)","decl":{"start":{"line":5,"column":27},"end":{"line":5,"column":28}},"loc":{"start":{"line":5,"column":47},"end":{"line":23,"column":1}},"line":5},"1":{"name":"(anonymous_1)","decl":{"start":{"line":26,"column":25},"end":{"line":26,"column":26}},"loc":{"start":{"line":26,"column":45},"end":{"line":38,"column":1}},"line":26},"2":{"name":"(anonymous_2)","decl":{"start":{"line":41,"column":28},"end":{"line":41,"column":29}},"loc":{"start":{"line":41,"column":48},"end":{"line":57,"column":1}},"line":41},"3":{"name":"(anonymous_3)","decl":{"start":{"line":60,"column":27},"end":{"line":60,"column":28}},"loc":{"start":{"line":60,"column":47},"end":{"line":77,"column":1}},"line":60},"4":{"name":"(anonymous_4)","decl":{"start":{"line":80,"column":27},"end":{"line":80,"column":28}},"loc":{"start":{"line":80,"column":47},"end":{"line":96,"column":1}},"line":80},"5":{"name":"(anonymous_5)","decl":{"start":{"line":99,"column":38},"end":{"line":99,"column":39}},"loc":{"start":{"line":99,"column":58},"end":{"line":111,"column":1}},"line":99}},"branchMap":{"0":{"loc":{"start":{"line":49,"column":8},"end":{"line":51,"column":9}},"type":"if","locations":[{"start":{"line":49,"column":8},"end":{"line":51,"column":9}},{"start":{},"end":{}}],"line":49},"1":{"loc":{"start":{"line":69,"column":8},"end":{"line":71,"column":9}},"type":"if","locations":[{"start":{"line":69,"column":8},"end":{"line":71,"column":9}},{"start":{},"end":{}}],"line":69},"2":{"loc":{"start":{"line":88,"column":8},"end":{"line":90,"column":9}},"type":"if","locations":[{"start":{"line":88,"column":8},"end":{"line":90,"column":9}},{"start":{},"end":{}}],"line":88}},"s":{"0":1,"1":1,"2":1,"3":1,"4":1,"5":1,"6":0,"7":0,"8":1,"9":1,"10":1,"11":1,"12":1,"13":0,"14":0,"15":1,"16":1,"17":1,"18":1,"19":1,"20":1,"21":0,"22":1,"23":0,"24":0,"25":1,"26":1,"27":1,"28":1,"29":1,"30":1,"31":1,"32":0,"33":1,"34":0,"35":0,"36":1,"37":1,"38":1,"39":1,"40":1,"41":1,"42":0,"43":1,"44":0,"45":0,"46":1,"47":1,"48":1,"49":1,"50":1,"51":0,"52":0},"f":{"0":1,"1":1,"2":1,"3":1,"4":1,"5":1},"b":{"0":[0,1],"1":[0,1],"2":[0,1]},"_coverageSchema":"1a1c01bbd47fc00a2c39e90264f33305004495a9","hash":"2d0077115686110bddb406b2856c1fd302f9e783"}
,"C:\\Users\\oseje\\CS496\\CS495-Software-Project-Proposal-Population-Model-Calculator\\backend\\src\\controllers\\userControllers.js": {"path":"C:\\Users\\oseje\\CS496\\CS495-Software-Project-Proposal-Population-Model-Calculator\\backend\\src\\controllers\\userControllers.js","statementMap":{"0":{"start":{"line":5,"column":58},"end":{"line":5,"column":66}},"1":{"start":{"line":7,"column":4},"end":{"line":36,"column":5}},"2":{"start":{"line":9,"column":8},"end":{"line":11,"column":9}},"3":{"start":{"line":10,"column":12},"end":{"line":10,"column":78}},"4":{"start":{"line":13,"column":31},"end":{"line":13,"column":62}},"5":{"start":{"line":14,"column":26},"end":{"line":14,"column":39}},"6":{"start":{"line":17,"column":8},"end":{"line":19,"column":9}},"7":{"start":{"line":18,"column":12},"end":{"line":18,"column":66}},"8":{"start":{"line":22,"column":29},"end":{"line":22,"column":96}},"9":{"start":{"line":23,"column":8},"end":{"line":25,"column":9}},"10":{"start":{"line":24,"column":12},"end":{"line":24,"column":75}},"11":{"start":{"line":27,"column":8},"end":{"line":30,"column":10}},"12":{"start":{"line":32,"column":8},"end":{"line":32,"column":71}},"13":{"start":{"line":34,"column":8},"end":{"line":34,"column":27}},"14":{"start":{"line":35,"column":8},"end":{"line":35,"column":63}}},"fnMap":{"0":{"name":"createUser","decl":{"start":{"line":4,"column":22},"end":{"line":4,"column":32}},"loc":{"start":{"line":4,"column":43},"end":{"line":37,"column":1}},"line":4}},"branchMap":{"0":{"loc":{"start":{"line":9,"column":8},"end":{"line":11,"column":9}},"type":"if","locations":[{"start":{"line":9,"column":8},"end":{"line":11,"column":9}},{"start":{},"end":{}}],"line":9},"1":{"loc":{"start":{"line":9,"column":12},"end":{"line":9,"column":66}},"type":"binary-expr","locations":[{"start":{"line":9,"column":12},"end":{"line":9,"column":22}},{"start":{"line":9,"column":26},"end":{"line":9,"column":35}},{"start":{"line":9,"column":39},"end":{"line":9,"column":43}},{"start":{"line":9,"column":47},"end":{"line":9,"column":53}},{"start":{"line":9,"column":57},"end":{"line":9,"column":66}}],"line":9},"2":{"loc":{"start":{"line":17,"column":8},"end":{"line":19,"column":9}},"type":"if","locations":[{"start":{"line":17,"column":8},"end":{"line":19,"column":9}},{"start":{},"end":{}}],"line":17},"3":{"loc":{"start":{"line":23,"column":8},"end":{"line":25,"column":9}},"type":"if","locations":[{"start":{"line":23,"column":8},"end":{"line":25,"column":9}},{"start":{},"end":{}}],"line":23}},"s":{"0":2,"1":2,"2":2,"3":2,"4":0,"5":0,"6":0,"7":0,"8":0,"9":0,"10":0,"11":0,"12":0,"13":0,"14":0},"f":{"0":2},"b":{"0":[2,0],"1":[2,0,0,0,0],"2":[0,0],"3":[0,0]},"_coverageSchema":"1a1c01bbd47fc00a2c39e90264f33305004495a9","hash":"40903a841743ff89e746038a61741ad2d66da3e0"}
,"C:\\Users\\oseje\\CS496\\CS495-Software-Project-Proposal-Population-Model-Calculator\\backend\\src\\services\\ContinuousGrowthModel.js": {"path":"C:\\Users\\oseje\\CS496\\CS495-Software-Project-Proposal-Population-Model-Calculator\\backend\\src\\services\\ContinuousGrowthModel.js","statementMap":{"0":{"start":{"line":8,"column":8},"end":{"line":8,"column":51}},"1":{"start":{"line":9,"column":8},"end":{"line":9,"column":94}},"2":{"start":{"line":10,"column":8},"end":{"line":10,"column":66}},"3":{"start":{"line":11,"column":8},"end":{"line":13,"column":9}},"4":{"start":{"line":12,"column":8},"end":{"line":12,"column":55}},"5":{"start":{"line":14,"column":8},"end":{"line":14,"column":47}},"6":{"start":{"line":18,"column":24},"end":{"line":18,"column":26}},"7":{"start":{"line":19,"column":24},"end":{"line":19,"column":26}},"8":{"start":{"line":20,"column":29},"end":{"line":20,"column":31}},"9":{"start":{"line":27,"column":8},"end":{"line":51,"column":9}},"10":{"start":{"line":28,"column":20},"end":{"line":28,"column":92}},"11":{"start":{"line":29,"column":12},"end":{"line":29,"column":63}},"12":{"start":{"line":31,"column":13},"end":{"line":51,"column":9}},"13":{"start":{"line":32,"column":26},"end":{"line":32,"column":104}},"14":{"start":{"line":33,"column":12},"end":{"line":33,"column":69}},"15":{"start":{"line":35,"column":13},"end":{"line":51,"column":9}},"16":{"start":{"line":36,"column":33},"end":{"line":36,"column":106}},"17":{"start":{"line":37,"column":12},"end":{"line":37,"column":84}},"18":{"start":{"line":39,"column":13},"end":{"line":51,"column":9}},"19":{"start":{"line":40,"column":12},"end":{"line":42,"column":13}},"20":{"start":{"line":40,"column":25},"end":{"line":40,"column":26}},"21":{"start":{"line":41,"column":16},"end":{"line":41,"column":34}},"22":{"start":{"line":43,"column":12},"end":{"line":46,"column":16}},"23":{"start":{"line":44,"column":33},"end":{"line":44,"column":102}},"24":{"start":{"line":45,"column":16},"end":{"line":45,"column":65}},"25":{"start":{"line":47,"column":12},"end":{"line":50,"column":16}},"26":{"start":{"line":48,"column":38},"end":{"line":48,"column":107}},"27":{"start":{"line":49,"column":16},"end":{"line":49,"column":75}},"28":{"start":{"line":52,"column":8},"end":{"line":52,"column":39}},"29":{"start":{"line":56,"column":8},"end":{"line":56,"column":42}}},"fnMap":{"0":{"name":"(anonymous_0)","decl":{"start":{"line":6,"column":4},"end":{"line":6,"column":5}},"loc":{"start":{"line":7,"column":45},"end":{"line":15,"column":5}},"line":7},"1":{"name":"(anonymous_1)","decl":{"start":{"line":17,"column":4},"end":{"line":17,"column":5}},"loc":{"start":{"line":17,"column":26},"end":{"line":53,"column":5}},"line":17},"2":{"name":"(anonymous_2)","decl":{"start":{"line":43,"column":30},"end":{"line":43,"column":31}},"loc":{"start":{"line":43,"column":35},"end":{"line":46,"column":14}},"line":43},"3":{"name":"(anonymous_3)","decl":{"start":{"line":47,"column":30},"end":{"line":47,"column":31}},"loc":{"start":{"line":47,"column":35},"end":{"line":50,"column":14}},"line":47},"4":{"name":"(anonymous_4)","decl":{"start":{"line":55,"column":4},"end":{"line":55,"column":5}},"loc":{"start":{"line":55,"column":23},"end":{"line":57,"column":5}},"line":55}},"branchMap":{"0":{"loc":{"start":{"line":11,"column":8},"end":{"line":13,"column":9}},"type":"if","locations":[{"start":{"line":11,"column":8},"end":{"line":13,"column":9}},{"start":{},"end":{}}],"line":11},"1":{"loc":{"start":{"line":27,"column":8},"end":{"line":51,"column":9}},"type":"if","locations":[{"start":{"line":27,"column":8},"end":{"line":51,"column":9}},{"start":{"line":31,"column":13},"end":{"line":51,"column":9}}],"line":27},"2":{"loc":{"start":{"line":31,"column":13},"end":{"line":51,"column":9}},"type":"if","locations":[{"start":{"line":31,"column":13},"end":{"line":51,"column":9}},{"start":{"line":35,"column":13},"end":{"line":51,"column":9}}],"line":31},"3":{"loc":{"start":{"line":35,"column":13},"end":{"line":51,"column":9}},"type":"if","locations":[{"start":{"line":35,"column":13},"end":{"line":51,"column":9}},{"start":{"line":39,"column":13},"end":{"line":51,"column":9}}],"line":35},"4":{"loc":{"start":{"line":39,"column":13},"end":{"line":51,"column":9}},"type":"if","locations":[{"start":{"line":39,"column":13},"end":{"line":51,"column":9}},{"start":{},"end":{}}],"line":39}},"s":{"0":5,"1":5,"2":5,"3":5,"4":4,"5":5,"6":5,"7":5,"8":5,"9":5,"10":1,"11":1,"12":4,"13":1,"14":1,"15":3,"16":1,"17":1,"18":2,"19":2,"20":2,"21":6,"22":2,"23":4,"24":4,"25":2,"26":6,"27":6,"28":5,"29":5},"f":{"0":5,"1":5,"2":4,"3":6,"4":5},"b":{"0":[4,1],"1":[1,4],"2":[1,3],"3":[1,2],"4":[2,0]},"_coverageSchema":"1a1c01bbd47fc00a2c39e90264f33305004495a9","hash":"9e03e0ceab443b10262840d8415ee0114285c57d"}
,"C:\\Users\\oseje\\CS496\\CS495-Software-Project-Proposal-Population-Model-Calculator\\backend\\src\\services\\DiscreteGrowthModel.js": {"path":"C:\\Users\\oseje\\CS496\\CS495-Software-Project-Proposal-Population-Model-Calculator\\backend\\src\\services\\DiscreteGrowthModel.js","statementMap":{"0":{"start":{"line":8,"column":8},"end":{"line":8,"column":51}},"1":{"start":{"line":9,"column":8},"end":{"line":9,"column":47}},"2":{"start":{"line":10,"column":8},"end":{"line":10,"column":94}},"3":{"start":{"line":11,"column":8},"end":{"line":11,"column":66}},"4":{"start":{"line":12,"column":8},"end":{"line":14,"column":9}},"5":{"start":{"line":13,"column":8},"end":{"line":13,"column":55}},"6":{"start":{"line":15,"column":8},"end":{"line":15,"column":27}},"7":{"start":{"line":19,"column":24},"end":{"line":19,"column":26}},"8":{"start":{"line":20,"column":24},"end":{"line":20,"column":26}},"9":{"start":{"line":21,"column":29},"end":{"line":21,"column":31}},"10":{"start":{"line":22,"column":8},"end":{"line":22,"column":52}},"11":{"start":{"line":28,"column":8},"end":{"line":79,"column":9}},"12":{"start":{"line":29,"column":12},"end":{"line":31,"column":13}},"13":{"start":{"line":29,"column":25},"end":{"line":29,"column":26}},"14":{"start":{"line":30,"column":16},"end":{"line":30,"column":34}},"15":{"start":{"line":32,"column":12},"end":{"line":53,"column":13}},"16":{"start":{"line":33,"column":16},"end":{"line":37,"column":19}},"17":{"start":{"line":34,"column":42},"end":{"line":34,"column":101}},"18":{"start":{"line":35,"column":20},"end":{"line":35,"column":79}},"19":{"start":{"line":36,"column":20},"end":{"line":36,"column":85}},"20":{"start":{"line":38,"column":16},"end":{"line":42,"column":19}},"21":{"start":{"line":39,"column":37},"end":{"line":39,"column":96}},"22":{"start":{"line":40,"column":20},"end":{"line":40,"column":69}},"23":{"start":{"line":41,"column":20},"end":{"line":41,"column":74}},"24":{"start":{"line":44,"column":17},"end":{"line":53,"column":13}},"25":{"start":{"line":45,"column":16},"end":{"line":48,"column":19}},"26":{"start":{"line":46,"column":42},"end":{"line":46,"column":101}},"27":{"start":{"line":47,"column":20},"end":{"line":47,"column":79}},"28":{"start":{"line":49,"column":16},"end":{"line":52,"column":19}},"29":{"start":{"line":50,"column":37},"end":{"line":50,"column":96}},"30":{"start":{"line":51,"column":20},"end":{"line":51,"column":69}},"31":{"start":{"line":54,"column":15},"end":{"line":79,"column":9}},"32":{"start":{"line":55,"column":12},"end":{"line":61,"column":13}},"33":{"start":{"line":56,"column":21},"end":{"line":56,"column":102}},"34":{"start":{"line":57,"column":18},"end":{"line":57,"column":69}},"35":{"start":{"line":58,"column":19},"end":{"line":61,"column":13}},"36":{"start":{"line":59,"column":21},"end":{"line":59,"column":102}},"37":{"start":{"line":60,"column":16},"end":{"line":60,"column":67}},"38":{"start":{"line":63,"column":15},"end":{"line":79,"column":9}},"39":{"start":{"line":64,"column":12},"end":{"line":70,"column":13}},"40":{"start":{"line":65,"column":30},"end":{"line":65,"column":98}},"41":{"start":{"line":66,"column":16},"end":{"line":66,"column":73}},"42":{"start":{"line":67,"column":19},"end":{"line":70,"column":13}},"43":{"start":{"line":68,"column":30},"end":{"line":68,"column":98}},"44":{"start":{"line":69,"column":16},"end":{"line":69,"column":73}},"45":{"start":{"line":71,"column":15},"end":{"line":79,"column":9}},"46":{"start":{"line":72,"column":12},"end":{"line":78,"column":13}},"47":{"start":{"line":73,"column":37},"end":{"line":73,"column":124}},"48":{"start":{"line":74,"column":16},"end":{"line":74,"column":88}},"49":{"start":{"line":75,"column":19},"end":{"line":78,"column":13}},"50":{"start":{"line":76,"column":37},"end":{"line":76,"column":124}},"51":{"start":{"line":77,"column":16},"end":{"line":77,"column":88}},"52":{"start":{"line":80,"column":8},"end":{"line":80,"column":39}},"53":{"start":{"line":84,"column":8},"end":{"line":84,"column":40}}},"fnMap":{"0":{"name":"(anonymous_0)","decl":{"start":{"line":6,"column":4},"end":{"line":6,"column":5}},"loc":{"start":{"line":7,"column":52},"end":{"line":16,"column":5}},"line":7},"1":{"name":"(anonymous_1)","decl":{"start":{"line":18,"column":4},"end":{"line":18,"column":5}},"loc":{"start":{"line":18,"column":24},"end":{"line":81,"column":5}},"line":18},"2":{"name":"(anonymous_2)","decl":{"start":{"line":33,"column":34},"end":{"line":33,"column":35}},"loc":{"start":{"line":33,"column":39},"end":{"line":37,"column":17}},"line":33},"3":{"name":"(anonymous_3)","decl":{"start":{"line":38,"column":34},"end":{"line":38,"column":35}},"loc":{"start":{"line":38,"column":39},"end":{"line":42,"column":17}},"line":38},"4":{"name":"(anonymous_4)","decl":{"start":{"line":45,"column":34},"end":{"line":45,"column":35}},"loc":{"start":{"line":45,"column":39},"end":{"line":48,"column":17}},"line":45},"5":{"name":"(anonymous_5)","decl":{"start":{"line":49,"column":34},"end":{"line":49,"column":35}},"loc":{"start":{"line":49,"column":39},"end":{"line":52,"column":17}},"line":49},"6":{"name":"(anonymous_6)","decl":{"start":{"line":83,"column":4},"end":{"line":83,"column":5}},"loc":{"start":{"line":83,"column":21},"end":{"line":85,"column":5}},"line":83}},"branchMap":{"0":{"loc":{"start":{"line":12,"column":8},"end":{"line":14,"column":9}},"type":"if","locations":[{"start":{"line":12,"column":8},"end":{"line":14,"column":9}},{"start":{},"end":{}}],"line":12},"1":{"loc":{"start":{"line":28,"column":8},"end":{"line":79,"column":9}},"type":"if","locations":[{"start":{"line":28,"column":8},"end":{"line":79,"column":9}},{"start":{"line":54,"column":15},"end":{"line":79,"column":9}}],"line":28},"2":{"loc":{"start":{"line":32,"column":12},"end":{"line":53,"column":13}},"type":"if","locations":[{"start":{"line":32,"column":12},"end":{"line":53,"column":13}},{"start":{"line":44,"column":17},"end":{"line":53,"column":13}}],"line":32},"3":{"loc":{"start":{"line":44,"column":17},"end":{"line":53,"column":13}},"type":"if","locations":[{"start":{"line":44,"column":17},"end":{"line":53,"column":13}},{"start":{},"end":{}}],"line":44},"4":{"loc":{"start":{"line":54,"column":15},"end":{"line":79,"column":9}},"type":"if","locations":[{"start":{"line":54,"column":15},"end":{"line":79,"column":9}},{"start":{"line":63,"column":15},"end":{"line":79,"column":9}}],"line":54},"5":{"loc":{"start":{"line":55,"column":12},"end":{"line":61,"column":13}},"type":"if","locations":[{"start":{"line":55,"column":12},"end":{"line":61,"column":13}},{"start":{"line":58,"column":19},"end":{"line":61,"column":13}}],"line":55},"6":{"loc":{"start":{"line":58,"column":19},"end":{"line":61,"column":13}},"type":"if","locations":[{"start":{"line":58,"column":19},"end":{"line":61,"column":13}},{"start":{},"end":{}}],"line":58},"7":{"loc":{"start":{"line":63,"column":15},"end":{"line":79,"column":9}},"type":"if","locations":[{"start":{"line":63,"column":15},"end":{"line":79,"column":9}},{"start":{"line":71,"column":15},"end":{"line":79,"column":9}}],"line":63},"8":{"loc":{"start":{"line":64,"column":12},"end":{"line":70,"column":13}},"type":"if","locations":[{"start":{"line":64,"column":12},"end":{"line":70,"column":13}},{"start":{"line":67,"column":19},"end":{"line":70,"column":13}}],"line":64},"9":{"loc":{"start":{"line":67,"column":19},"end":{"line":70,"column":13}},"type":"if","locations":[{"start":{"line":67,"column":19},"end":{"line":70,"column":13}},{"start":{},"end":{}}],"line":67},"10":{"loc":{"start":{"line":71,"column":15},"end":{"line":79,"column":9}},"type":"if","locations":[{"start":{"line":71,"column":15},"end":{"line":79,"column":9}},{"start":{},"end":{}}],"line":71},"11":{"loc":{"start":{"line":72,"column":12},"end":{"line":78,"column":13}},"type":"if","locations":[{"start":{"line":72,"column":12},"end":{"line":78,"column":13}},{"start":{"line":75,"column":19},"end":{"line":78,"column":13}}],"line":72},"12":{"loc":{"start":{"line":75,"column":19},"end":{"line":78,"column":13}},"type":"if","locations":[{"start":{"line":75,"column":19},"end":{"line":78,"column":13}},{"start":{},"end":{}}],"line":75}},"s":{"0":9,"1":9,"2":9,"3":9,"4":9,"5":7,"6":9,"7":9,"8":9,"9":9,"10":9,"11":9,"12":3,"13":3,"14":9,"15":3,"16":2,"17":6,"18":6,"19":6,"20":2,"21":4,"22":4,"23":4,"24":1,"25":1,"26":3,"27":3,"28":1,"29":1,"30":1,"31":6,"32":0,"33":0,"34":0,"35":0,"36":0,"37":0,"38":6,"39":2,"40":1,"41":1,"42":1,"43":1,"44":1,"45":4,"46":2,"47":1,"48":1,"49":1,"50":1,"51":1,"52":9,"53":9},"f":{"0":9,"1":9,"2":6,"3":4,"4":3,"5":1,"6":9},"b":{"0":[7,2],"1":[3,6],"2":[2,1],"3":[1,0],"4":[0,6],"5":[0,0],"6":[0,0],"7":[2,4],"8":[1,1],"9":[1,0],"10":[2,2],"11":[1,1],"12":[1,0]},"_coverageSchema":"1a1c01bbd47fc00a2c39e90264f33305004495a9","hash":"6c02d9abb4dc620073950f7bb5d204b5f75e3001"}
,"C:\\Users\\oseje\\CS496\\CS495-Software-Project-Proposal-Population-Model-Calculator\\backend\\src\\services\\EMComparison.js": {"path":"C:\\Users\\oseje\\CS496\\CS495-Software-Project-Proposal-Population-Model-Calculator\\backend\\src\\services\\EMComparison.js","statementMap":{"0":{"start":{"line":10,"column":8},"end":{"line":10,"column":51}},"1":{"start":{"line":11,"column":8},"end":{"line":11,"column":47}},"2":{"start":{"line":12,"column":8},"end":{"line":12,"column":37}},"3":{"start":{"line":13,"column":8},"end":{"line":13,"column":25}},"4":{"start":{"line":14,"column":8},"end":{"line":14,"column":37}},"5":{"start":{"line":15,"column":8},"end":{"line":15,"column":49}},"6":{"start":{"line":16,"column":8},"end":{"line":16,"column":35}},"7":{"start":{"line":17,"column":8},"end":{"line":17,"column":35}},"8":{"start":{"line":21,"column":17},"end":{"line":21,"column":28}},"9":{"start":{"line":23,"column":8},"end":{"line":28,"column":9}},"10":{"start":{"line":24,"column":12},"end":{"line":24,"column":27}},"11":{"start":{"line":25,"column":12},"end":{"line":27,"column":13}},"12":{"start":{"line":25,"column":25},"end":{"line":25,"column":26}},"13":{"start":{"line":26,"column":16},"end":{"line":26,"column":34}},"14":{"start":{"line":29,"column":29},"end":{"line":30,"column":70}},"15":{"start":{"line":37,"column":8},"end":{"line":39,"column":9}},"16":{"start":{"line":38,"column":12},"end":{"line":38,"column":86}},"17":{"start":{"line":43,"column":47},"end":{"line":43,"column":134}},"18":{"start":{"line":43,"column":94},"end":{"line":43,"column":98}},"19":{"start":{"line":50,"column":38},"end":{"line":54,"column":9}},"20":{"start":{"line":57,"column":37},"end":{"line":61,"column":9}},"21":{"start":{"line":63,"column":8},"end":{"line":63,"column":68}},"22":{"start":{"line":63,"column":45},"end":{"line":63,"column":66}},"23":{"start":{"line":64,"column":8},"end":{"line":64,"column":65}},"24":{"start":{"line":64,"column":44},"end":{"line":64,"column":63}},"25":{"start":{"line":69,"column":8},"end":{"line":72,"column":10}}},"fnMap":{"0":{"name":"(anonymous_0)","decl":{"start":{"line":8,"column":4},"end":{"line":8,"column":5}},"loc":{"start":{"line":9,"column":51},"end":{"line":18,"column":5}},"line":9},"1":{"name":"(anonymous_1)","decl":{"start":{"line":20,"column":4},"end":{"line":20,"column":5}},"loc":{"start":{"line":20,"column":28},"end":{"line":73,"column":5}},"line":20},"2":{"name":"(anonymous_2)","decl":{"start":{"line":43,"column":89},"end":{"line":43,"column":90}},"loc":{"start":{"line":43,"column":94},"end":{"line":43,"column":98}},"line":43},"3":{"name":"(anonymous_3)","decl":{"start":{"line":63,"column":35},"end":{"line":63,"column":36}},"loc":{"start":{"line":63,"column":45},"end":{"line":63,"column":66}},"line":63},"4":{"name":"(anonymous_4)","decl":{"start":{"line":64,"column":34},"end":{"line":64,"column":35}},"loc":{"start":{"line":64,"column":44},"end":{"line":64,"column":63}},"line":64}},"branchMap":{"0":{"loc":{"start":{"line":23,"column":8},"end":{"line":28,"column":9}},"type":"if","locations":[{"start":{"line":23,"column":8},"end":{"line":28,"column":9}},{"start":{},"end":{}}],"line":23},"1":{"loc":{"start":{"line":37,"column":8},"end":{"line":39,"column":9}},"type":"if","locations":[{"start":{"line":37,"column":8},"end":{"line":39,"column":9}},{"start":{},"end":{}}],"line":37}},"s":{"0":5,"1":5,"2":5,"3":5,"4":5,"5":5,"6":5,"7":5,"8":5,"9":5,"10":1,"11":1,"12":1,"13":3,"14":5,"15":5,"16":1,"17":4,"18":12,"19":4,"20":4,"21":4,"22":0,"23":4,"24":0,"25":4},"f":{"0":5,"1":5,"2":12,"3":0,"4":0},"b":{"0":[1,4],"1":[1,4]},"_coverageSchema":"1a1c01bbd47fc00a2c39e90264f33305004495a9","hash":"1255c319e30a50e0c23e26afa5b0f1288123b983"}
,"C:\\Users\\oseje\\CS496\\CS495-Software-Project-Proposal-Population-Model-Calculator\\backend\\src\\services\\LogisticGrowthModel.js": {"path":"C:\\Users\\oseje\\CS496\\CS495-Software-Project-Proposal-Population-Model-Calculator\\backend\\src\\services\\LogisticGrowthModel.js","statementMap":{"0":{"start":{"line":8,"column":8},"end":{"line":8,"column":51}},"1":{"start":{"line":9,"column":8},"end":{"line":9,"column":47}},"2":{"start":{"line":10,"column":8},"end":{"line":10,"column":49}},"3":{"start":{"line":11,"column":8},"end":{"line":11,"column":94}},"4":{"start":{"line":12,"column":8},"end":{"line":12,"column":66}},"5":{"start":{"line":13,"column":8},"end":{"line":15,"column":9}},"6":{"start":{"line":14,"column":8},"end":{"line":14,"column":55}},"7":{"start":{"line":19,"column":24},"end":{"line":19,"column":26}},"8":{"start":{"line":20,"column":24},"end":{"line":20,"column":26}},"9":{"start":{"line":21,"column":29},"end":{"line":21,"column":31}},"10":{"start":{"line":22,"column":17},"end":{"line":22,"column":39}},"11":{"start":{"line":23,"column":17},"end":{"line":23,"column":37}},"12":{"start":{"line":24,"column":16},"end":{"line":24,"column":31}},"13":{"start":{"line":25,"column":16},"end":{"line":25,"column":37}},"14":{"start":{"line":26,"column":18},"end":{"line":26,"column":27}},"15":{"start":{"line":33,"column":24},"end":{"line":33,"column":42}},"16":{"start":{"line":35,"column":8},"end":{"line":64,"column":9}},"17":{"start":{"line":36,"column":12},"end":{"line":36,"column":64}},"18":{"start":{"line":37,"column":12},"end":{"line":37,"column":54}},"19":{"start":{"line":39,"column":13},"end":{"line":64,"column":9}},"20":{"start":{"line":40,"column":12},"end":{"line":40,"column":53}},"21":{"start":{"line":41,"column":12},"end":{"line":41,"column":54}},"22":{"start":{"line":43,"column":13},"end":{"line":64,"column":9}},"23":{"start":{"line":44,"column":12},"end":{"line":44,"column":53}},"24":{"start":{"line":45,"column":12},"end":{"line":45,"column":55}},"25":{"start":{"line":47,"column":13},"end":{"line":64,"column":9}},"26":{"start":{"line":48,"column":23},"end":{"line":48,"column":57}},"27":{"start":{"line":49,"column":12},"end":{"line":49,"column":56}},"28":{"start":{"line":51,"column":13},"end":{"line":64,"column":9}},"29":{"start":{"line":53,"column":16},"end":{"line":55,"column":17}},"30":{"start":{"line":53,"column":29},"end":{"line":53,"column":30}},"31":{"start":{"line":54,"column":20},"end":{"line":54,"column":38}},"32":{"start":{"line":56,"column":16},"end":{"line":59,"column":19}},"33":{"start":{"line":57,"column":42},"end":{"line":57,"column":86}},"34":{"start":{"line":58,"column":20},"end":{"line":58,"column":79}},"35":{"start":{"line":60,"column":16},"end":{"line":63,"column":15}},"36":{"start":{"line":61,"column":37},"end":{"line":61,"column":81}},"37":{"start":{"line":62,"column":20},"end":{"line":62,"column":74}},"38":{"start":{"line":65,"column":8},"end":{"line":65,"column":39}},"39":{"start":{"line":70,"column":8},"end":{"line":70,"column":46}}},"fnMap":{"0":{"name":"(anonymous_0)","decl":{"start":{"line":6,"column":4},"end":{"line":6,"column":5}},"loc":{"start":{"line":7,"column":68},"end":{"line":16,"column":5}},"line":7},"1":{"name":"(anonymous_1)","decl":{"start":{"line":18,"column":4},"end":{"line":18,"column":5}},"loc":{"start":{"line":18,"column":30},"end":{"line":66,"column":5}},"line":18},"2":{"name":"(anonymous_2)","decl":{"start":{"line":56,"column":34},"end":{"line":56,"column":35}},"loc":{"start":{"line":56,"column":39},"end":{"line":59,"column":17}},"line":56},"3":{"name":"(anonymous_3)","decl":{"start":{"line":60,"column":28},"end":{"line":60,"column":29}},"loc":{"start":{"line":60,"column":33},"end":{"line":63,"column":13}},"line":60},"4":{"name":"(anonymous_4)","decl":{"start":{"line":69,"column":4},"end":{"line":69,"column":5}},"loc":{"start":{"line":69,"column":21},"end":{"line":71,"column":5}},"line":69}},"branchMap":{"0":{"loc":{"start":{"line":13,"column":8},"end":{"line":15,"column":9}},"type":"if","locations":[{"start":{"line":13,"column":8},"end":{"line":15,"column":9}},{"start":{},"end":{}}],"line":13},"1":{"loc":{"start":{"line":35,"column":8},"end":{"line":64,"column":9}},"type":"if","locations":[{"start":{"line":35,"column":8},"end":{"line":64,"column":9}},{"start":{"line":39,"column":13},"end":{"line":64,"column":9}}],"line":35},"2":{"loc":{"start":{"line":39,"column":13},"end":{"line":64,"column":9}},"type":"if","locations":[{"start":{"line":39,"column":13},"end":{"line":64,"column":9}},{"start":{"line":43,"column":13},"end":{"line":64,"column":9}}],"line":39},"3":{"loc":{"start":{"line":43,"column":13},"end":{"line":64,"column":9}},"type":"if","locations":[{"start":{"line":43,"column":13},"end":{"line":64,"column":9}},{"start":{"line":47,"column":13},"end":{"line":64,"column":9}}],"line":43},"4":{"loc":{"start":{"line":47,"column":13},"end":{"line":64,"column":9}},"type":"if","locations":[{"start":{"line":47,"column":13},"end":{"line":64,"column":9}},{"start":{"line":51,"column":13},"end":{"line":64,"column":9}}],"line":47},"5":{"loc":{"start":{"line":51,"column":13},"end":{"line":64,"column":9}},"type":"if","locations":[{"start":{"line":51,"column":13},"end":{"line":64,"column":9}},{"start":{},"end":{}}],"line":51}},"s":{"0":6,"1":6,"2":6,"3":6,"4":6,"5":6,"6":5,"7":6,"8":6,"9":6,"10":6,"11":6,"12":6,"13":6,"14":6,"15":6,"16":6,"17":1,"18":1,"19":5,"20":1,"21":1,"22":4,"23":1,"24":1,"25":3,"26":1,"27":1,"28":2,"29":2,"30":2,"31":6,"32":2,"33":6,"34":6,"35":2,"36":4,"37":4,"38":6,"39":6},"f":{"0":6,"1":6,"2":6,"3":4,"4":6},"b":{"0":[5,1],"1":[1,5],"2":[1,4],"3":[1,3],"4":[1,2],"5":[2,0]},"_coverageSchema":"1a1c01bbd47fc00a2c39e90264f33305004495a9","hash":"05067a6268d01c996cc231035a6f5ff16b4876f1"}
,"C:\\Users\\oseje\\CS496\\CS495-Software-Project-Proposal-Population-Model-Calculator\\backend\\src\\services\\PopulationGrowthRate.js": {"path":"C:\\Users\\oseje\\CS496\\CS495-Software-Project-Proposal-Population-Model-Calculator\\backend\\src\\services\\PopulationGrowthRate.js","statementMap":{"0":{"start":{"line":6,"column":8},"end":{"line":6,"column":51}},"1":{"start":{"line":7,"column":8},"end":{"line":7,"column":47}},"2":{"start":{"line":11,"column":8},"end":{"line":13,"column":9}},"3":{"start":{"line":12,"column":12},"end":{"line":12,"column":77}},"4":{"start":{"line":14,"column":35},"end":{"line":14,"column":107}},"5":{"start":{"line":15,"column":8},"end":{"line":15,"column":33}},"6":{"start":{"line":19,"column":8},"end":{"line":21,"column":9}},"7":{"start":{"line":20,"column":12},"end":{"line":20,"column":77}},"8":{"start":{"line":22,"column":27},"end":{"line":22,"column":107}},"9":{"start":{"line":23,"column":8},"end":{"line":23,"column":26}}},"fnMap":{"0":{"name":"(anonymous_0)","decl":{"start":{"line":5,"column":4},"end":{"line":5,"column":5}},"loc":{"start":{"line":5,"column":52},"end":{"line":8,"column":5}},"line":5},"1":{"name":"(anonymous_1)","decl":{"start":{"line":10,"column":4},"end":{"line":10,"column":5}},"loc":{"start":{"line":10,"column":24},"end":{"line":16,"column":5}},"line":10},"2":{"name":"(anonymous_2)","decl":{"start":{"line":18,"column":4},"end":{"line":18,"column":5}},"loc":{"start":{"line":18,"column":27},"end":{"line":24,"column":5}},"line":18}},"branchMap":{"0":{"loc":{"start":{"line":11,"column":8},"end":{"line":13,"column":9}},"type":"if","locations":[{"start":{"line":11,"column":8},"end":{"line":13,"column":9}},{"start":{},"end":{}}],"line":11},"1":{"loc":{"start":{"line":19,"column":8},"end":{"line":21,"column":9}},"type":"if","locations":[{"start":{"line":19,"column":8},"end":{"line":21,"column":9}},{"start":{},"end":{}}],"line":19}},"s":{"0":3,"1":3,"2":1,"3":0,"4":1,"5":1,"6":2,"7":1,"8":1,"9":1},"f":{"0":3,"1":1,"2":2},"b":{"0":[0,1],"1":[1,1]},"_coverageSchema":"1a1c01bbd47fc00a2c39e90264f33305004495a9","hash":"91ca9a327c936f11940bed8a5a05a3c917691e37"}
,"C:\\Users\\oseje\\CS496\\CS495-Software-Project-Proposal-Population-Model-Calculator\\backend\\src\\services\\PredatorPrey.js": {"path":"C:\\Users\\oseje\\CS496\\CS495-Software-Project-Proposal-Population-Model-Calculator\\backend\\src\\services\\PredatorPrey.js","statementMap":{"0":{"start":{"line":11,"column":8},"end":{"line":11,"column":39}},"1":{"start":{"line":12,"column":8},"end":{"line":12,"column":47}},"2":{"start":{"line":13,"column":8},"end":{"line":13,"column":27}},"3":{"start":{"line":14,"column":8},"end":{"line":14,"column":27}},"4":{"start":{"line":15,"column":8},"end":{"line":15,"column":27}},"5":{"start":{"line":16,"column":8},"end":{"line":16,"column":27}},"6":{"start":{"line":17,"column":8},"end":{"line":17,"column":30}},"7":{"start":{"line":18,"column":8},"end":{"line":18,"column":31}},"8":{"start":{"line":19,"column":8},"end":{"line":19,"column":37}},"9":{"start":{"line":24,"column":18},"end":{"line":24,"column":36}},"10":{"start":{"line":25,"column":18},"end":{"line":25,"column":40}},"11":{"start":{"line":26,"column":24},"end":{"line":26,"column":35}},"12":{"start":{"line":27,"column":18},"end":{"line":27,"column":24}},"13":{"start":{"line":28,"column":18},"end":{"line":28,"column":24}},"14":{"start":{"line":29,"column":18},"end":{"line":29,"column":24}},"15":{"start":{"line":30,"column":18},"end":{"line":30,"column":24}},"16":{"start":{"line":31,"column":19},"end":{"line":31,"column":34}},"17":{"start":{"line":33,"column":8},"end":{"line":42,"column":9}},"18":{"start":{"line":33,"column":21},"end":{"line":33,"column":22}},"19":{"start":{"line":33,"column":28},"end":{"line":33,"column":37}},"20":{"start":{"line":35,"column":26},"end":{"line":35,"column":61}},"21":{"start":{"line":36,"column":30},"end":{"line":36,"column":65}},"22":{"start":{"line":39,"column":12},"end":{"line":39,"column":54}},"23":{"start":{"line":40,"column":12},"end":{"line":40,"column":58}},"24":{"start":{"line":41,"column":12},"end":{"line":41,"column":33}},"25":{"start":{"line":44,"column":8},"end":{"line":44,"column":53}},"26":{"start":{"line":48,"column":8},"end":{"line":48,"column":42}}},"fnMap":{"0":{"name":"(anonymous_0)","decl":{"start":{"line":10,"column":4},"end":{"line":10,"column":5}},"loc":{"start":{"line":10,"column":122},"end":{"line":20,"column":5}},"line":10},"1":{"name":"(anonymous_1)","decl":{"start":{"line":23,"column":4},"end":{"line":23,"column":5}},"loc":{"start":{"line":23,"column":26},"end":{"line":45,"column":5}},"line":23},"2":{"name":"(anonymous_2)","decl":{"start":{"line":47,"column":4},"end":{"line":47,"column":5}},"loc":{"start":{"line":47,"column":26},"end":{"line":49,"column":5}},"line":47}},"branchMap":{},"s":{"0":6,"1":6,"2":6,"3":6,"4":6,"5":6,"6":6,"7":6,"8":6,"9":6,"10":6,"11":6,"12":6,"13":6,"14":6,"15":6,"16":6,"17":6,"18":6,"19":6,"20":35,"21":35,"22":35,"23":35,"24":35,"25":6,"26":6},"f":{"0":6,"1":6,"2":6},"b":{},"_coverageSchema":"1a1c01bbd47fc00a2c39e90264f33305004495a9","hash":"115c438f59e8f22b90124440d545a600cc2fbdcb"}
,"C:\\Users\\oseje\\CS496\\CS495-Software-Project-Proposal-Population-Model-Calculator\\backend\\src\\utils.js\\ErrorMetrics.js": {"path":"C:\\Users\\oseje\\CS496\\CS495-Software-Project-Proposal-Population-Model-Calculator\\backend\\src\\utils.js\\ErrorMetrics.js","statementMap":{"0":{"start":{"line":5,"column":8},"end":{"line":5,"column":35}},"1":{"start":{"line":6,"column":8},"end":{"line":6,"column":29}},"2":{"start":{"line":10,"column":18},"end":{"line":10,"column":19}},"3":{"start":{"line":11,"column":18},"end":{"line":11,"column":32}},"4":{"start":{"line":12,"column":19},"end":{"line":12,"column":30}},"5":{"start":{"line":14,"column":8},"end":{"line":16,"column":9}},"6":{"start":{"line":15,"column":12},"end":{"line":15,"column":85}},"7":{"start":{"line":18,"column":18},"end":{"line":18,"column":26}},"8":{"start":{"line":19,"column":8},"end":{"line":21,"column":9}},"9":{"start":{"line":19,"column":21},"end":{"line":19,"column":22}},"10":{"start":{"line":20,"column":12},"end":{"line":20,"column":45}},"11":{"start":{"line":22,"column":21},"end":{"line":22,"column":39}},"12":{"start":{"line":24,"column":8},"end":{"line":24,"column":20}},"13":{"start":{"line":28,"column":18},"end":{"line":28,"column":32}},"14":{"start":{"line":29,"column":19},"end":{"line":29,"column":30}},"15":{"start":{"line":30,"column":18},"end":{"line":30,"column":26}},"16":{"start":{"line":31,"column":18},"end":{"line":31,"column":19}},"17":{"start":{"line":33,"column":8},"end":{"line":35,"column":9}},"18":{"start":{"line":33,"column":21},"end":{"line":33,"column":22}},"19":{"start":{"line":34,"column":12},"end":{"line":34,"column":42}},"20":{"start":{"line":36,"column":20},"end":{"line":36,"column":27}},"21":{"start":{"line":38,"column":8},"end":{"line":38,"column":19}},"22":{"start":{"line":43,"column":8},"end":{"line":46,"column":10}}},"fnMap":{"0":{"name":"(anonymous_0)","decl":{"start":{"line":4,"column":4},"end":{"line":4,"column":5}},"loc":{"start":{"line":4,"column":35},"end":{"line":7,"column":5}},"line":4},"1":{"name":"(anonymous_1)","decl":{"start":{"line":9,"column":4},"end":{"line":9,"column":5}},"loc":{"start":{"line":9,"column":20},"end":{"line":25,"column":5}},"line":9},"2":{"name":"(anonymous_2)","decl":{"start":{"line":27,"column":4},"end":{"line":27,"column":5}},"loc":{"start":{"line":27,"column":19},"end":{"line":39,"column":5}},"line":27},"3":{"name":"(anonymous_3)","decl":{"start":{"line":42,"column":4},"end":{"line":42,"column":5}},"loc":{"start":{"line":42,"column":25},"end":{"line":47,"column":5}},"line":42}},"branchMap":{"0":{"loc":{"start":{"line":14,"column":8},"end":{"line":16,"column":9}},"type":"if","locations":[{"start":{"line":14,"column":8},"end":{"line":16,"column":9}},{"start":{},"end":{}}],"line":14}},"s":{"0":3,"1":3,"2":3,"3":3,"4":3,"5":3,"6":1,"7":2,"8":2,"9":2,"10":6,"11":2,"12":2,"13":2,"14":2,"15":2,"16":2,"17":2,"18":2,"19":6,"20":2,"21":2,"22":3},"f":{"0":3,"1":3,"2":2,"3":3},"b":{"0":[1,2]},"_coverageSchema":"1a1c01bbd47fc00a2c39e90264f33305004495a9","hash":"5063dcf1e07aa1f077b0b6b98774ec0c52411448"}
,"C:\\Users\\oseje\\CS496\\CS495-Software-Project-Proposal-Population-Model-Calculator\\backend\\src\\utils.js\\GrowthRate.js": {"path":"C:\\Users\\oseje\\CS496\\CS495-Software-Project-Proposal-Population-Model-Calculator\\backend\\src\\utils.js\\GrowthRate.js","statementMap":{"0":{"start":{"line":10,"column":8},"end":{"line":10,"column":35}},"1":{"start":{"line":11,"column":8},"end":{"line":11,"column":35}},"2":{"start":{"line":12,"column":8},"end":{"line":12,"column":37}},"3":{"start":{"line":16,"column":8},"end":{"line":44,"column":9}},"4":{"start":{"line":17,"column":12},"end":{"line":17,"column":35}},"5":{"start":{"line":19,"column":13},"end":{"line":44,"column":9}},"6":{"start":{"line":20,"column":12},"end":{"line":20,"column":35}},"7":{"start":{"line":22,"column":13},"end":{"line":44,"column":9}},"8":{"start":{"line":23,"column":12},"end":{"line":23,"column":35}},"9":{"start":{"line":25,"column":13},"end":{"line":44,"column":9}},"10":{"start":{"line":26,"column":12},"end":{"line":26,"column":35}},"11":{"start":{"line":28,"column":13},"end":{"line":44,"column":9}},"12":{"start":{"line":29,"column":12},"end":{"line":29,"column":24}},"13":{"start":{"line":31,"column":13},"end":{"line":44,"column":9}},"14":{"start":{"line":33,"column":12},"end":{"line":35,"column":13}},"15":{"start":{"line":34,"column":16},"end":{"line":34,"column":83}},"16":{"start":{"line":37,"column":12},"end":{"line":39,"column":13}},"17":{"start":{"line":38,"column":16},"end":{"line":38,"column":55}},"18":{"start":{"line":40,"column":12},"end":{"line":40,"column":51}},"19":{"start":{"line":43,"column":12},"end":{"line":43,"column":129}},"20":{"start":{"line":48,"column":18},"end":{"line":48,"column":44}},"21":{"start":{"line":49,"column":8},"end":{"line":49,"column":56}}},"fnMap":{"0":{"name":"(anonymous_0)","decl":{"start":{"line":9,"column":4},"end":{"line":9,"column":5}},"loc":{"start":{"line":9,"column":50},"end":{"line":13,"column":5}},"line":9},"1":{"name":"(anonymous_1)","decl":{"start":{"line":15,"column":4},"end":{"line":15,"column":5}},"loc":{"start":{"line":15,"column":26},"end":{"line":45,"column":5}},"line":15},"2":{"name":"(anonymous_2)","decl":{"start":{"line":47,"column":4},"end":{"line":47,"column":5}},"loc":{"start":{"line":47,"column":23},"end":{"line":50,"column":5}},"line":47}},"branchMap":{"0":{"loc":{"start":{"line":16,"column":8},"end":{"line":44,"column":9}},"type":"if","locations":[{"start":{"line":16,"column":8},"end":{"line":44,"column":9}},{"start":{"line":19,"column":13},"end":{"line":44,"column":9}}],"line":16},"1":{"loc":{"start":{"line":16,"column":12},"end":{"line":16,"column":89}},"type":"binary-expr","locations":[{"start":{"line":16,"column":12},"end":{"line":16,"column":34}},{"start":{"line":16,"column":38},"end":{"line":16,"column":61}},{"start":{"line":16,"column":65},"end":{"line":16,"column":89}}],"line":16},"2":{"loc":{"start":{"line":19,"column":13},"end":{"line":44,"column":9}},"type":"if","locations":[{"start":{"line":19,"column":13},"end":{"line":44,"column":9}},{"start":{"line":22,"column":13},"end":{"line":44,"column":9}}],"line":19},"3":{"loc":{"start":{"line":19,"column":17},"end":{"line":19,"column":93}},"type":"binary-expr","locations":[{"start":{"line":19,"column":17},"end":{"line":19,"column":41}},{"start":{"line":19,"column":45},"end":{"line":19,"column":67}},{"start":{"line":19,"column":71},"end":{"line":19,"column":93}}],"line":19},"4":{"loc":{"start":{"line":22,"column":13},"end":{"line":44,"column":9}},"type":"if","locations":[{"start":{"line":22,"column":13},"end":{"line":44,"column":9}},{"start":{"line":25,"column":13},"end":{"line":44,"column":9}}],"line":22},"5":{"loc":{"start":{"line":22,"column":17},"end":{"line":22,"column":94}},"type":"binary-expr","locations":[{"start":{"line":22,"column":17},"end":{"line":22,"column":39}},{"start":{"line":22,"column":43},"end":{"line":22,"column":66}},{"start":{"line":22,"column":70},"end":{"line":22,"column":94}}],"line":22},"6":{"loc":{"start":{"line":25,"column":13},"end":{"line":44,"column":9}},"type":"if","locations":[{"start":{"line":25,"column":13},"end":{"line":44,"column":9}},{"start":{"line":28,"column":13},"end":{"line":44,"column":9}}],"line":25},"7":{"loc":{"start":{"line":25,"column":17},"end":{"line":25,"column":95}},"type":"binary-expr","locations":[{"start":{"line":25,"column":17},"end":{"line":25,"column":41}},{"start":{"line":25,"column":45},"end":{"line":25,"column":68}},{"start":{"line":25,"column":72},"end":{"line":25,"column":95}}],"line":25},"8":{"loc":{"start":{"line":28,"column":13},"end":{"line":44,"column":9}},"type":"if","locations":[{"start":{"line":28,"column":13},"end":{"line":44,"column":9}},{"start":{"line":31,"column":13},"end":{"line":44,"column":9}}],"line":28},"9":{"loc":{"start":{"line":28,"column":17},"end":{"line":28,"column":92}},"type":"binary-expr","locations":[{"start":{"line":28,"column":17},"end":{"line":28,"column":40}},{"start":{"line":28,"column":44},"end":{"line":28,"column":66}},{"start":{"line":28,"column":70},"end":{"line":28,"column":92}}],"line":28},"10":{"loc":{"start":{"line":31,"column":13},"end":{"line":44,"column":9}},"type":"if","locations":[{"start":{"line":31,"column":13},"end":{"line":44,"column":9}},{"start":{"line":42,"column":13},"end":{"line":44,"column":9}}],"line":31},"11":{"loc":{"start":{"line":31,"column":17},"end":{"line":31,"column":94}},"type":"binary-expr","locations":[{"start":{"line":31,"column":17},"end":{"line":31,"column":40}},{"start":{"line":31,"column":44},"end":{"line":31,"column":67}},{"start":{"line":31,"column":71},"end":{"line":31,"column":94}}],"line":31},"12":{"loc":{"start":{"line":33,"column":12},"end":{"line":35,"column":13}},"type":"if","locations":[{"start":{"line":33,"column":12},"end":{"line":35,"column":13}},{"start":{},"end":{}}],"line":33},"13":{"loc":{"start":{"line":33,"column":16},"end":{"line":33,"column":56}},"type":"binary-expr","locations":[{"start":{"line":33,"column":16},"end":{"line":33,"column":34}},{"start":{"line":33,"column":38},"end":{"line":33,"column":56}}],"line":33},"14":{"loc":{"start":{"line":37,"column":12},"end":{"line":39,"column":13}},"type":"if","locations":[{"start":{"line":37,"column":12},"end":{"line":39,"column":13}},{"start":{},"end":{}}],"line":37},"15":{"loc":{"start":{"line":49,"column":15},"end":{"line":49,"column":55}},"type":"cond-expr","locations":[{"start":{"line":49,"column":28},"end":{"line":49,"column":48}},{"start":{"line":49,"column":51},"end":{"line":49,"column":55}}],"line":49}},"s":{"0":29,"1":29,"2":29,"3":29,"4":1,"5":28,"6":16,"7":12,"8":1,"9":11,"10":1,"11":10,"12":5,"13":5,"14":4,"15":0,"16":4,"17":2,"18":2,"19":1,"20":29,"21":28},"f":{"0":29,"1":29,"2":29},"b":{"0":[1,28],"1":[29,22,1],"2":[16,12],"3":[28,18,16],"4":[1,11],"5":[12,7,2],"6":[1,10],"7":[11,1,1],"8":[5,5],"9":[10,10,5],"10":[4,1],"11":[5,5,4],"12":[0,4],"13":[4,4],"14":[2,2],"15":[23,5]},"_coverageSchema":"1a1c01bbd47fc00a2c39e90264f33305004495a9","hash":"6f6bd5d2cbe09ff283640dc0d1f11f98a06fa73f"}
,"C:\\Users\\oseje\\CS496\\CS495-Software-Project-Proposal-Population-Model-Calculator\\backend\\src\\utils.js\\TimeChecker.js": {"path":"C:\\Users\\oseje\\CS496\\CS495-Software-Project-Proposal-Population-Model-Calculator\\backend\\src\\utils.js\\TimeChecker.js","statementMap":{"0":{"start":{"line":10,"column":8},"end":{"line":10,"column":25}},"1":{"start":{"line":11,"column":8},"end":{"line":11,"column":37}},"2":{"start":{"line":15,"column":8},"end":{"line":17,"column":9}},"3":{"start":{"line":15,"column":21},"end":{"line":15,"column":22}},"4":{"start":{"line":16,"column":12},"end":{"line":16,"column":43}},"5":{"start":{"line":18,"column":8},"end":{"line":18,"column":20}},"6":{"start":{"line":22,"column":22},"end":{"line":22,"column":23}},"7":{"start":{"line":23,"column":8},"end":{"line":27,"column":9}},"8":{"start":{"line":23,"column":21},"end":{"line":23,"column":22}},"9":{"start":{"line":24,"column":12},"end":{"line":26,"column":13}},"10":{"start":{"line":25,"column":16},"end":{"line":25,"column":39}},"11":{"start":{"line":28,"column":8},"end":{"line":28,"column":23}},"12":{"start":{"line":32,"column":8},"end":{"line":34,"column":9}},"13":{"start":{"line":33,"column":12},"end":{"line":33,"column":24}},"14":{"start":{"line":36,"column":16},"end":{"line":36,"column":66}},"15":{"start":{"line":38,"column":8},"end":{"line":40,"column":9}},"16":{"start":{"line":39,"column":12},"end":{"line":39,"column":77}},"17":{"start":{"line":42,"column":8},"end":{"line":44,"column":9}},"18":{"start":{"line":43,"column":12},"end":{"line":43,"column":21}},"19":{"start":{"line":47,"column":8},"end":{"line":66,"column":9}},"20":{"start":{"line":48,"column":12},"end":{"line":65,"column":13}},"21":{"start":{"line":49,"column":16},"end":{"line":49,"column":53}},"22":{"start":{"line":51,"column":17},"end":{"line":65,"column":13}},"23":{"start":{"line":52,"column":16},"end":{"line":52,"column":51}},"24":{"start":{"line":54,"column":17},"end":{"line":65,"column":13}},"25":{"start":{"line":55,"column":16},"end":{"line":55,"column":49}},"26":{"start":{"line":57,"column":17},"end":{"line":65,"column":13}},"27":{"start":{"line":58,"column":16},"end":{"line":58,"column":48}},"28":{"start":{"line":60,"column":17},"end":{"line":65,"column":13}},"29":{"start":{"line":61,"column":16},"end":{"line":61,"column":47}},"30":{"start":{"line":63,"column":17},"end":{"line":65,"column":13}},"31":{"start":{"line":64,"column":16},"end":{"line":64,"column":46}},"32":{"start":{"line":67,"column":8},"end":{"line":67,"column":17}}},"fnMap":{"0":{"name":"(anonymous_0)","decl":{"start":{"line":9,"column":4},"end":{"line":9,"column":5}},"loc":{"start":{"line":9,"column":34},"end":{"line":12,"column":5}},"line":9},"1":{"name":"(anonymous_1)","decl":{"start":{"line":14,"column":4},"end":{"line":14,"column":5}},"loc":{"start":{"line":14,"column":34},"end":{"line":19,"column":5}},"line":14},"2":{"name":"(anonymous_2)","decl":{"start":{"line":21,"column":4},"end":{"line":21,"column":5}},"loc":{"start":{"line":21,"column":14},"end":{"line":29,"column":5}},"line":21},"3":{"name":"(anonymous_3)","decl":{"start":{"line":31,"column":4},"end":{"line":31,"column":5}},"loc":{"start":{"line":31,"column":16},"end":{"line":68,"column":5}},"line":31}},"branchMap":{"0":{"loc":{"start":{"line":24,"column":12},"end":{"line":26,"column":13}},"type":"if","locations":[{"start":{"line":24,"column":12},"end":{"line":26,"column":13}},{"start":{},"end":{}}],"line":24},"1":{"loc":{"start":{"line":32,"column":8},"end":{"line":34,"column":9}},"type":"if","locations":[{"start":{"line":32,"column":8},"end":{"line":34,"column":9}},{"start":{},"end":{}}],"line":32},"2":{"loc":{"start":{"line":36,"column":16},"end":{"line":36,"column":66}},"type":"cond-expr","locations":[{"start":{"line":36,"column":43},"end":{"line":36,"column":52}},{"start":{"line":36,"column":55},"end":{"line":36,"column":66}}],"line":36},"3":{"loc":{"start":{"line":38,"column":8},"end":{"line":40,"column":9}},"type":"if","locations":[{"start":{"line":38,"column":8},"end":{"line":40,"column":9}},{"start":{},"end":{}}],"line":38},"4":{"loc":{"start":{"line":42,"column":8},"end":{"line":44,"column":9}},"type":"if","locations":[{"start":{"line":42,"column":8},"end":{"line":44,"column":9}},{"start":{},"end":{}}],"line":42},"5":{"loc":{"start":{"line":47,"column":8},"end":{"line":66,"column":9}},"type":"if","locations":[{"start":{"line":47,"column":8},"end":{"line":66,"column":9}},{"start":{},"end":{}}],"line":47},"6":{"loc":{"start":{"line":48,"column":12},"end":{"line":65,"column":13}},"type":"if","locations":[{"start":{"line":48,"column":12},"end":{"line":65,"column":13}},{"start":{"line":51,"column":17},"end":{"line":65,"column":13}}],"line":48},"7":{"loc":{"start":{"line":51,"column":17},"end":{"line":65,"column":13}},"type":"if","locations":[{"start":{"line":51,"column":17},"end":{"line":65,"column":13}},{"start":{"line":54,"column":17},"end":{"line":65,"column":13}}],"line":51},"8":{"loc":{"start":{"line":54,"column":17},"end":{"line":65,"column":13}},"type":"if","locations":[{"start":{"line":54,"column":17},"end":{"line":65,"column":13}},{"start":{"line":57,"column":17},"end":{"line":65,"column":13}}],"line":54},"9":{"loc":{"start":{"line":57,"column":17},"end":{"line":65,"column":13}},"type":"if","locations":[{"start":{"line":57,"column":17},"end":{"line":65,"column":13}},{"start":{"line":60,"column":17},"end":{"line":65,"column":13}}],"line":57},"10":{"loc":{"start":{"line":60,"column":17},"end":{"line":65,"column":13}},"type":"if","locations":[{"start":{"line":60,"column":17},"end":{"line":65,"column":13}},{"start":{"line":63,"column":17},"end":{"line":65,"column":13}}],"line":60},"11":{"loc":{"start":{"line":63,"column":17},"end":{"line":65,"column":13}},"type":"if","locations":[{"start":{"line":63,"column":17},"end":{"line":65,"column":13}},{"start":{},"end":{}}],"line":63}},"s":{"0":36,"1":36,"2":0,"3":0,"4":0,"5":0,"6":16,"7":16,"8":16,"9":19,"10":16,"11":16,"12":20,"13":4,"14":16,"15":16,"16":0,"17":16,"18":0,"19":16,"20":0,"21":0,"22":0,"23":0,"24":0,"25":0,"26":0,"27":0,"28":0,"29":0,"30":0,"31":0,"32":16},"f":{"0":36,"1":0,"2":16,"3":20},"b":{"0":[16,3],"1":[4,16],"2":[13,3],"3":[0,16],"4":[0,16],"5":[0,16],"6":[0,0],"7":[0,0],"8":[0,0],"9":[0,0],"10":[0,0],"11":[0,0]},"_coverageSchema":"1a1c01bbd47fc00a2c39e90264f33305004495a9","hash":"f1710327db20f896c12f2c27e7415590eea6c422"}
}
