TN:
SF:db.js
FN:17,connectDB
FNF:1
FNH:1
FNDA:1,connectDB
DA:5,1
DA:6,1
DA:9,1
DA:18,1
DA:19,1
DA:20,1
DA:22,0
LF:7
LH:6
BRF:0
BRH:0
end_of_record
TN:
SF:src\controllers\LoginController.js
FN:7,loginUser
FN:40,logoutUser
FNF:2
FNH:2
FNDA:5,loginUser
FNDA:1,logoutUser
DA:8,5
DA:9,5
DA:10,5
DA:11,1
DA:13,4
DA:14,3
DA:15,1
DA:17,2
DA:18,2
DA:19,2
DA:20,1
DA:24,1
DA:33,1
DA:35,1
DA:36,1
DA:42,1
LF:16
LH:16
BRDA:10,0,0,1
BRDA:10,0,1,4
BRDA:10,1,0,5
BRDA:10,1,1,4
BRDA:14,2,0,1
BRDA:14,2,1,2
BRDA:19,3,0,1
BRDA:19,3,1,1
BRF:8
BRH:8
end_of_record
TN:
SF:src\controllers\modelController.js
FN:5,(anonymous_0)
FN:26,(anonymous_1)
FN:41,(anonymous_2)
FN:60,(anonymous_3)
FN:80,(anonymous_4)
FN:99,(anonymous_5)
FNF:6
FNH:6
FNDA:1,(anonymous_0)
FNDA:1,(anonymous_1)
FNDA:1,(anonymous_2)
FNDA:1,(anonymous_3)
FNDA:1,(anonymous_4)
FNDA:1,(anonymous_5)
DA:5,1
DA:7,1
DA:10,1
DA:13,1
DA:14,1
DA:18,1
DA:20,0
DA:21,0
DA:26,1
DA:27,1
DA:28,1
DA:29,1
DA:33,1
DA:35,0
DA:36,0
DA:41,1
DA:42,1
DA:43,1
DA:44,1
DA:45,1
DA:49,1
DA:50,0
DA:52,1
DA:54,0
DA:55,0
DA:60,1
DA:61,1
DA:62,1
DA:63,1
DA:64,1
DA:65,1
DA:69,1
DA:70,0
DA:72,1
DA:74,0
DA:75,0
DA:80,1
DA:81,1
DA:82,1
DA:83,1
DA:84,1
DA:88,1
DA:89,0
DA:91,1
DA:93,0
DA:94,0
DA:99,1
DA:100,1
DA:101,1
DA:102,1
DA:106,1
DA:108,0
DA:109,0
LF:53
LH:38
BRDA:49,0,0,0
BRDA:49,0,1,1
BRDA:69,1,0,0
BRDA:69,1,1,1
BRDA:88,2,0,0
BRDA:88,2,1,1
BRF:6
BRH:3
end_of_record
TN:
SF:src\controllers\userControllers.js
FN:4,createUser
FNF:1
FNH:1
FNDA:2,createUser
DA:5,2
DA:7,2
DA:9,2
DA:10,2
DA:13,0
DA:14,0
DA:17,0
DA:18,0
DA:22,0
DA:23,0
DA:24,0
DA:27,0
DA:32,0
DA:34,0
DA:35,0
LF:15
LH:4
BRDA:9,0,0,2
BRDA:9,0,1,0
BRDA:9,1,0,2
BRDA:9,1,1,0
BRDA:9,1,2,0
BRDA:9,1,3,0
BRDA:9,1,4,0
BRDA:17,2,0,0
BRDA:17,2,1,0
BRDA:23,3,0,0
BRDA:23,3,1,0
BRF:11
BRH:2
end_of_record
TN:
SF:src\services\ContinuousGrowthModel.js
FN:6,(anonymous_0)
FN:17,(anonymous_1)
FN:43,(anonymous_2)
FN:47,(anonymous_3)
FN:55,(anonymous_4)
FNF:5
FNH:5
FNDA:5,(anonymous_0)
FNDA:5,(anonymous_1)
FNDA:4,(anonymous_2)
FNDA:6,(anonymous_3)
FNDA:5,(anonymous_4)
DA:8,5
DA:9,5
DA:10,5
DA:11,5
DA:12,4
DA:14,5
DA:18,5
DA:19,5
DA:20,5
DA:27,5
DA:28,1
DA:29,1
DA:31,4
DA:32,1
DA:33,1
DA:35,3
DA:36,1
DA:37,1
DA:39,2
DA:40,2
DA:41,6
DA:43,2
DA:44,4
DA:45,4
DA:47,2
DA:48,6
DA:49,6
DA:52,5
DA:56,5
LF:29
LH:29
BRDA:11,0,0,4
BRDA:11,0,1,1
BRDA:27,1,0,1
BRDA:27,1,1,4
BRDA:31,2,0,1
BRDA:31,2,1,3
BRDA:35,3,0,1
BRDA:35,3,1,2
BRDA:39,4,0,2
BRDA:39,4,1,0
BRF:10
BRH:9
end_of_record
TN:
SF:src\services\DiscreteGrowthModel.js
FN:6,(anonymous_0)
FN:18,(anonymous_1)
FN:33,(anonymous_2)
FN:38,(anonymous_3)
FN:45,(anonymous_4)
FN:49,(anonymous_5)
FN:83,(anonymous_6)
FNF:7
FNH:7
FNDA:9,(anonymous_0)
FNDA:9,(anonymous_1)
FNDA:6,(anonymous_2)
FNDA:4,(anonymous_3)
FNDA:3,(anonymous_4)
FNDA:1,(anonymous_5)
FNDA:9,(anonymous_6)
DA:8,9
DA:9,9
DA:10,9
DA:11,9
DA:12,9
DA:13,7
DA:15,9
DA:19,9
DA:20,9
DA:21,9
DA:22,9
DA:28,9
DA:29,3
DA:30,9
DA:32,3
DA:33,2
DA:34,6
DA:35,6
DA:36,6
DA:38,2
DA:39,4
DA:40,4
DA:41,4
DA:44,1
DA:45,1
DA:46,3
DA:47,3
DA:49,1
DA:50,1
DA:51,1
DA:54,6
DA:55,0
DA:56,0
DA:57,0
DA:58,0
DA:59,0
DA:60,0
DA:63,6
DA:64,2
DA:65,1
DA:66,1
DA:67,1
DA:68,1
DA:69,1
DA:71,4
DA:72,2
DA:73,1
DA:74,1
DA:75,1
DA:76,1
DA:77,1
DA:80,9
DA:84,9
LF:53
LH:47
BRDA:12,0,0,7
BRDA:12,0,1,2
BRDA:28,1,0,3
BRDA:28,1,1,6
BRDA:32,2,0,2
BRDA:32,2,1,1
BRDA:44,3,0,1
BRDA:44,3,1,0
BRDA:54,4,0,0
BRDA:54,4,1,6
BRDA:55,5,0,0
BRDA:55,5,1,0
BRDA:58,6,0,0
BRDA:58,6,1,0
BRDA:63,7,0,2
BRDA:63,7,1,4
BRDA:64,8,0,1
BRDA:64,8,1,1
BRDA:67,9,0,1
BRDA:67,9,1,0
BRDA:71,10,0,2
BRDA:71,10,1,2
BRDA:72,11,0,1
BRDA:72,11,1,1
BRDA:75,12,0,1
BRDA:75,12,1,0
BRF:26
BRH:18
end_of_record
TN:
SF:src\services\EMComparison.js
FN:8,(anonymous_0)
FN:20,(anonymous_1)
FN:43,(anonymous_2)
FN:63,(anonymous_3)
FN:64,(anonymous_4)
FNF:5
FNH:3
FNDA:5,(anonymous_0)
FNDA:5,(anonymous_1)
FNDA:12,(anonymous_2)
FNDA:0,(anonymous_3)
FNDA:0,(anonymous_4)
DA:10,5
DA:11,5
DA:12,5
DA:13,5
DA:14,5
DA:15,5
DA:16,5
DA:17,5
DA:21,5
DA:23,5
DA:24,1
DA:25,1
DA:26,3
DA:29,5
DA:37,5
DA:38,1
DA:43,12
DA:50,4
DA:57,4
DA:63,4
DA:64,4
DA:69,4
LF:22
LH:22
BRDA:23,0,0,1
BRDA:23,0,1,4
BRDA:37,1,0,1
BRDA:37,1,1,4
BRF:4
BRH:4
end_of_record
TN:
SF:src\services\LogisticGrowthModel.js
FN:6,(anonymous_0)
FN:18,(anonymous_1)
FN:56,(anonymous_2)
FN:60,(anonymous_3)
FN:69,(anonymous_4)
FNF:5
FNH:5
FNDA:6,(anonymous_0)
FNDA:6,(anonymous_1)
FNDA:6,(anonymous_2)
FNDA:4,(anonymous_3)
FNDA:6,(anonymous_4)
DA:8,6
DA:9,6
DA:10,6
DA:11,6
DA:12,6
DA:13,6
DA:14,5
DA:19,6
DA:20,6
DA:21,6
DA:22,6
DA:23,6
DA:24,6
DA:25,6
DA:26,6
DA:33,6
DA:35,6
DA:36,1
DA:37,1
DA:39,5
DA:40,1
DA:41,1
DA:43,4
DA:44,1
DA:45,1
DA:47,3
DA:48,1
DA:49,1
DA:51,2
DA:53,2
DA:54,6
DA:56,2
DA:57,6
DA:58,6
DA:60,2
DA:61,4
DA:62,4
DA:65,6
DA:70,6
LF:39
LH:39
BRDA:13,0,0,5
BRDA:13,0,1,1
BRDA:35,1,0,1
BRDA:35,1,1,5
BRDA:39,2,0,1
BRDA:39,2,1,4
BRDA:43,3,0,1
BRDA:43,3,1,3
BRDA:47,4,0,1
BRDA:47,4,1,2
BRDA:51,5,0,2
BRDA:51,5,1,0
BRF:12
BRH:11
end_of_record
TN:
SF:src\services\PopulationGrowthRate.js
FN:5,(anonymous_0)
FN:10,(anonymous_1)
FN:18,(anonymous_2)
FNF:3
FNH:3
FNDA:3,(anonymous_0)
FNDA:1,(anonymous_1)
FNDA:2,(anonymous_2)
DA:6,3
DA:7,3
DA:11,1
DA:12,0
DA:14,1
DA:15,1
DA:19,2
DA:20,1
DA:22,1
DA:23,1
LF:10
LH:9
BRDA:11,0,0,0
BRDA:11,0,1,1
BRDA:19,1,0,1
BRDA:19,1,1,1
BRF:4
BRH:3
end_of_record
TN:
SF:src\services\PredatorPrey.js
FN:10,(anonymous_0)
FN:23,(anonymous_1)
FN:47,(anonymous_2)
FNF:3
FNH:3
FNDA:6,(anonymous_0)
FNDA:6,(anonymous_1)
FNDA:6,(anonymous_2)
DA:11,6
DA:12,6
DA:13,6
DA:14,6
DA:15,6
DA:16,6
DA:17,6
DA:18,6
DA:19,6
DA:24,6
DA:25,6
DA:26,6
DA:27,6
DA:28,6
DA:29,6
DA:30,6
DA:31,6
DA:33,6
DA:35,35
DA:36,35
DA:39,35
DA:40,35
DA:41,35
DA:44,6
DA:48,6
LF:25
LH:25
BRF:0
BRH:0
end_of_record
TN:
SF:src\utils.js\ErrorMetrics.js
FN:4,(anonymous_0)
FN:9,(anonymous_1)
FN:27,(anonymous_2)
FN:42,(anonymous_3)
FNF:4
FNH:4
FNDA:3,(anonymous_0)
FNDA:3,(anonymous_1)
FNDA:2,(anonymous_2)
FNDA:3,(anonymous_3)
DA:5,3
DA:6,3
DA:10,3
DA:11,3
DA:12,3
DA:14,3
DA:15,1
DA:18,2
DA:19,2
DA:20,6
DA:22,2
DA:24,2
DA:28,2
DA:29,2
DA:30,2
DA:31,2
DA:33,2
DA:34,6
DA:36,2
DA:38,2
DA:43,3
LF:21
LH:21
BRDA:14,0,0,1
BRDA:14,0,1,2
BRF:2
BRH:2
end_of_record
TN:
SF:src\utils.js\GrowthRate.js
FN:9,(anonymous_0)
FN:15,(anonymous_1)
FN:47,(anonymous_2)
FNF:3
FNH:3
FNDA:29,(anonymous_0)
FNDA:29,(anonymous_1)
FNDA:29,(anonymous_2)
DA:10,29
DA:11,29
DA:12,29
DA:16,29
DA:17,1
DA:19,28
DA:20,16
DA:22,12
DA:23,1
DA:25,11
DA:26,1
DA:28,10
DA:29,5
DA:31,5
DA:33,4
DA:34,0
DA:37,4
DA:38,2
DA:40,2
DA:43,1
DA:48,29
DA:49,28
LF:22
LH:21
BRDA:16,0,0,1
BRDA:16,0,1,28
BRDA:16,1,0,29
BRDA:16,1,1,22
BRDA:16,1,2,1
BRDA:19,2,0,16
BRDA:19,2,1,12
BRDA:19,3,0,28
BRDA:19,3,1,18
BRDA:19,3,2,16
BRDA:22,4,0,1
BRDA:22,4,1,11
BRDA:22,5,0,12
BRDA:22,5,1,7
BRDA:22,5,2,2
BRDA:25,6,0,1
BRDA:25,6,1,10
BRDA:25,7,0,11
BRDA:25,7,1,1
BRDA:25,7,2,1
BRDA:28,8,0,5
BRDA:28,8,1,5
BRDA:28,9,0,10
BRDA:28,9,1,10
BRDA:28,9,2,5
BRDA:31,10,0,4
BRDA:31,10,1,1
BRDA:31,11,0,5
BRDA:31,11,1,5
BRDA:31,11,2,4
BRDA:33,12,0,0
BRDA:33,12,1,4
BRDA:33,13,0,4
BRDA:33,13,1,4
BRDA:37,14,0,2
BRDA:37,14,1,2
BRDA:49,15,0,23
BRDA:49,15,1,5
BRF:38
BRH:37
end_of_record
TN:
SF:src\utils.js\TimeChecker.js
FN:9,(anonymous_0)
FN:14,(anonymous_1)
FN:21,(anonymous_2)
FN:31,(anonymous_3)
FNF:4
FNH:3
FNDA:36,(anonymous_0)
FNDA:0,(anonymous_1)
FNDA:16,(anonymous_2)
FNDA:20,(anonymous_3)
DA:10,36
DA:11,36
DA:15,0
DA:16,0
DA:18,0
DA:22,16
DA:23,16
DA:24,19
DA:25,16
DA:28,16
DA:32,20
DA:33,4
DA:36,16
DA:38,16
DA:39,0
DA:42,16
DA:43,0
DA:47,16
DA:48,0
DA:49,0
DA:51,0
DA:52,0
DA:54,0
DA:55,0
DA:57,0
DA:58,0
DA:60,0
DA:61,0
DA:63,0
DA:64,0
DA:67,16
LF:31
LH:14
BRDA:24,0,0,16
BRDA:24,0,1,3
BRDA:32,1,0,4
BRDA:32,1,1,16
BRDA:36,2,0,13
BRDA:36,2,1,3
BRDA:38,3,0,0
BRDA:38,3,1,16
BRDA:42,4,0,0
BRDA:42,4,1,16
BRDA:47,5,0,0
BRDA:47,5,1,16
BRDA:48,6,0,0
BRDA:48,6,1,0
BRDA:51,7,0,0
BRDA:51,7,1,0
BRDA:54,8,0,0
BRDA:54,8,1,0
BRDA:57,9,0,0
BRDA:57,9,1,0
BRDA:60,10,0,0
BRDA:60,10,1,0
BRDA:63,11,0,0
BRDA:63,11,1,0
BRF:24
BRH:9
end_of_record
